\BOOKMARK [0][-]{chapter.1}{\376\377\000P\000D\000F\000\040\000v\000e\000r\000z\000e}{}% 1
\BOOKMARK [0][-]{chapter.2}{\376\377\000\332\000v\000o\000d}{}% 2
\BOOKMARK [1][-]{section.2.1}{\376\377\000O\000b\000s\000a\000h\000\040\000a\000\040\000c\000\355\000l\000e\000\040\000p\001\131\000e\000d\000m\001\033\000t\000u}{chapter.2}% 3
\BOOKMARK [1][-]{section.2.2}{\376\377\000T\000e\000o\000r\000i\000e\000\040\000k\000\040\000p\000r\000o\000u\000d\001\033\000n\000\355\000\040\000a\000\040\000s\000d\000\355\000l\000e\000n\000\355\000\040\000t\000e\000p\000l\000a\000\040\000\050\000o\000p\000a\000k\000o\000v\000\341\000n\000\355\000\051}{chapter.2}% 4
\BOOKMARK [2][-]{subsection.2.2.1}{\376\377\000P\000r\000o\000u\000d\001\033\000n\000\355\000\040\040\023\000\040\000j\000e\000d\000n\000o\000f\000\341\000z\000o\000v\000\351}{section.2.2}% 5
\BOOKMARK [2][-]{subsection.2.2.2}{\376\377\000D\000v\000o\000u\000f\000\341\000z\000o\000v\000\351\000\040\000p\000r\000o\000u\000d\001\033\000n\000\355}{section.2.2}% 6
\BOOKMARK [1][-]{section.2.3}{\376\377\000P\000r\000o\000b\000l\000\351\000m\000y\000\040\000s\000\040\001\131\000e\001\141\000e\000n\000\355\000m\000\040\000p\000r\000o\000u\000d\001\033\000n\000\355\000\040\000v\000\040\000p\000r\000a\000x\000i}{chapter.2}% 7
\BOOKMARK [2][-]{subsection.2.3.1}{\376\377\000A\000s\000p\000e\000k\000t\000y\000\040\000o\000v\000l\000i\000v\001\110\000u\000j\000\355\000c\000\355\000\040\000v\000\375\000b\001\033\000r\000\040\000v\000\375\000p\000o\001\015\000e\000t\000n\000\355\000\040\000m\000e\000t\000o\000d\000y}{section.2.3}% 8
\BOOKMARK [2][-]{subsection.2.3.2}{\376\377\000P\001\131\000\355\000k\000l\000a\000d\000y\000\040\000m\000e\000t\000o\000d\000\040\040\023\000\040\000v\000\375\000p\000o\001\015\000e\000t\000\040\000a\000k\000t\000i\000v\000n\000\355\000\040\000z\000\363\000n\000y}{section.2.3}% 9
\BOOKMARK [1][-]{section.2.4}{\376\377\000M\000e\000t\000o\000d\000y\000\040\001\131\000e\001\141\000e\000n\000\355}{chapter.2}% 10
\BOOKMARK [0][-]{chapter.3}{\376\377\000C\000F\000D}{}% 11
\BOOKMARK [1][-]{section.3.1}{\376\377\000P\000r\000i\000n\000c\000i\000p\000y\000\040\000m\000o\000d\000e\000l\000o\000v\000\341\000n\000\355}{chapter.3}% 12
\BOOKMARK [1][-]{section.3.2}{\376\377\000P\000o\000s\000t\000u\000p}{chapter.3}% 13
\BOOKMARK [1][-]{section.3.3}{\376\377\000C\000h\000y\000b\000y}{chapter.3}% 14
\BOOKMARK [1][-]{section.3.4}{\376\377\000T\000v\000o\000r\000b\000a\000\040\000g\000e\000o\000m\000e\000t\000r\000i\000e}{chapter.3}% 15
\BOOKMARK [2][-]{subsection.3.4.1}{\376\377\000P\001\131\000\355\000s\000t\000u\000p\000y\000\040\000k\000e\000\040\000g\000e\000o\000m\000e\000t\000r\000i\000i}{section.3.4}% 16
\BOOKMARK [1][-]{section.3.5}{\376\377\000D\000i\000s\000k\000r\000e\000t\000i\000z\000a\000c\000e\000\040\000g\000e\000o\000m\000e\000t\000r\000i\000e}{chapter.3}% 17
\BOOKMARK [2][-]{subsection.3.5.1}{\376\377\000P\000r\000v\000k\000y}{section.3.5}% 18
\BOOKMARK [2][-]{subsection.3.5.2}{\376\377\000P\000o\001\176\000a\000d\000a\000v\000k\000y\000\040\000n\000a\000\040\000s\000\355\001\145}{section.3.5}% 19
\BOOKMARK [2][-]{subsection.3.5.3}{\376\377\000T\000y\000p\000y\000\040\000s\000\355\000t\000\355}{section.3.5}% 20
\BOOKMARK [2][-]{subsection.3.5.4}{\376\377\000P\000o\000s\000u\000z\000o\000v\000\341\000n\000\355\000\040\000k\000v\000a\000l\000i\000t\000y\000\040\000s\000\355\000t\001\033}{section.3.5}% 21
\BOOKMARK [0][-]{chapter.4}{\376\377\000I\000n\000s\000t\000a\000l\000a\000c\000e\000\040\000b\000a\000l\000\355\000k\000u\000\040\000A\000N\000S\000Y\000S\000\040\000F\000l\000u\000e\000n\000t}{}% 22
